2026-02-05 12:33:39,477 [INFO] ACF Guidance Harvester starting
2026-02-05 12:33:39,477 [INFO]   Input:   C:\Users\JanyjorRuei\Documents\acf-guidance-harvester\input\Sub-Regulatory Inventory for Programs_12112025.xlsx.xlsx
2026-02-05 12:33:39,478 [INFO]   Output:  C:\Users\JanyjorRuei\Documents\acf-guidance-harvester\output
2026-02-05 12:33:39,478 [INFO]   Reports: C:\Users\JanyjorRuei\Documents\acf-guidance-harvester\reports
2026-02-05 12:33:39,478 [INFO]   Log:     C:\Users\JanyjorRuei\Documents\acf-guidance-harvester\logs\harvest_20260205_123339.log
2026-02-05 12:33:39,478 [INFO] Loading Excel workbook...
2026-02-05 12:33:40,200 [INFO]   Found 3383 data rows in sheet 'ALL'
2026-02-05 12:33:40,201 [INFO]   Processing rows 20 to 25 (6 rows)
2026-02-05 12:33:40,201 [INFO] Row 0021: Visiting https://acf.gov/cb/policy-guidance/pi-81-08
2026-02-05 12:33:42,288 [INFO]   Found 2 downloadable links on page
2026-02-05 12:33:43,412 [INFO]     [OK] Downloaded: pi8108.pdf (95,906 bytes)
2026-02-05 12:33:44,795 [WARNING]   Retry 1/3 for https://www.hhs.gov/vulnerability-disclosure-policy/index.html (waiting 2s): 403 Client Error: Forbidden for url: https://www.hhs.gov/vulnerability-disclosure-policy/index.html
2026-02-05 12:33:47,126 [WARNING]   Retry 2/3 for https://www.hhs.gov/vulnerability-disclosure-policy/index.html (waiting 4s): 403 Client Error: Forbidden for url: https://www.hhs.gov/vulnerability-disclosure-policy/index.html
2026-02-05 12:33:51,461 [ERROR]   Failed after 3 attempts: https://www.hhs.gov/vulnerability-disclosure-policy/index.html — 403 Client Error: Forbidden for url: https://www.hhs.gov/vulnerability-disclosure-policy/index.html
2026-02-05 12:33:51,463 [INFO] Row 0022: Visiting https://acf.gov/cb/policy-guidance/pi-82-01
2026-02-05 12:33:53,244 [INFO]   Found 2 downloadable links on page
2026-02-05 12:33:54,351 [INFO]     [OK] Downloaded: pi8201.pdf (93,913 bytes)
2026-02-05 12:33:55,677 [WARNING]   Retry 1/3 for https://www.hhs.gov/vulnerability-disclosure-policy/index.html (waiting 2s): 403 Client Error: Forbidden for url: https://www.hhs.gov/vulnerability-disclosure-policy/index.html
2026-02-05 12:33:58,004 [WARNING]   Retry 2/3 for https://www.hhs.gov/vulnerability-disclosure-policy/index.html (waiting 4s): 403 Client Error: Forbidden for url: https://www.hhs.gov/vulnerability-disclosure-policy/index.html
2026-02-05 12:34:02,377 [ERROR]   Failed after 3 attempts: https://www.hhs.gov/vulnerability-disclosure-policy/index.html — 403 Client Error: Forbidden for url: https://www.hhs.gov/vulnerability-disclosure-policy/index.html
2026-02-05 12:34:02,379 [INFO] Row 0023: Visiting https://acf.gov/cb/policy-guidance/im-82-02
2026-02-05 12:34:04,194 [INFO]   Found 2 downloadable links on page
2026-02-05 12:34:05,287 [INFO]     [OK] Downloaded: im8202.pdf (43,648 bytes)
2026-02-05 12:34:06,704 [WARNING]   Retry 1/3 for https://www.hhs.gov/vulnerability-disclosure-policy/index.html (waiting 2s): 403 Client Error: Forbidden for url: https://www.hhs.gov/vulnerability-disclosure-policy/index.html
2026-02-05 12:34:09,050 [WARNING]   Retry 2/3 for https://www.hhs.gov/vulnerability-disclosure-policy/index.html (waiting 4s): 403 Client Error: Forbidden for url: https://www.hhs.gov/vulnerability-disclosure-policy/index.html
2026-02-05 12:34:13,399 [ERROR]   Failed after 3 attempts: https://www.hhs.gov/vulnerability-disclosure-policy/index.html — 403 Client Error: Forbidden for url: https://www.hhs.gov/vulnerability-disclosure-policy/index.html
2026-02-05 12:34:13,400 [INFO] Row 0024: Visiting https://acf.gov/cb/policy-guidance/pi-82-04
2026-02-05 12:34:15,244 [INFO]   Found 2 downloadable links on page
2026-02-05 12:34:16,349 [INFO]     [OK] Downloaded: pi8204.pdf (107,245 bytes)
2026-02-05 12:34:17,688 [WARNING]   Retry 1/3 for https://www.hhs.gov/vulnerability-disclosure-policy/index.html (waiting 2s): 403 Client Error: Forbidden for url: https://www.hhs.gov/vulnerability-disclosure-policy/index.html
2026-02-05 12:34:20,051 [WARNING]   Retry 2/3 for https://www.hhs.gov/vulnerability-disclosure-policy/index.html (waiting 4s): 403 Client Error: Forbidden for url: https://www.hhs.gov/vulnerability-disclosure-policy/index.html
2026-02-05 12:34:24,463 [ERROR]   Failed after 3 attempts: https://www.hhs.gov/vulnerability-disclosure-policy/index.html — 403 Client Error: Forbidden for url: https://www.hhs.gov/vulnerability-disclosure-policy/index.html
2026-02-05 12:34:24,465 [INFO] Row 0025: Visiting https://acf.gov/cb/policy-guidance/im-82-06
2026-02-05 12:34:26,178 [INFO]   Found 2 downloadable links on page
2026-02-05 12:34:27,267 [INFO]     [OK] Downloaded: im8206.pdf (40,932 bytes)
2026-02-05 12:34:28,757 [WARNING]   Retry 1/3 for https://www.hhs.gov/vulnerability-disclosure-policy/index.html (waiting 2s): 403 Client Error: Forbidden for url: https://www.hhs.gov/vulnerability-disclosure-policy/index.html
2026-02-05 12:34:31,209 [WARNING]   Retry 2/3 for https://www.hhs.gov/vulnerability-disclosure-policy/index.html (waiting 4s): 403 Client Error: Forbidden for url: https://www.hhs.gov/vulnerability-disclosure-policy/index.html
2026-02-05 12:34:35,555 [ERROR]   Failed after 3 attempts: https://www.hhs.gov/vulnerability-disclosure-policy/index.html — 403 Client Error: Forbidden for url: https://www.hhs.gov/vulnerability-disclosure-policy/index.html
2026-02-05 12:34:35,558 [INFO] Row 0026: Visiting https://acf.gov/cb/policy-guidance/pi-82-06
2026-02-05 12:34:37,319 [INFO]   Found 2 downloadable links on page
2026-02-05 12:34:38,568 [INFO]     [OK] Downloaded: pi8206.pdf (461,964 bytes)
2026-02-05 12:34:39,964 [WARNING]   Retry 1/3 for https://www.hhs.gov/vulnerability-disclosure-policy/index.html (waiting 2s): 403 Client Error: Forbidden for url: https://www.hhs.gov/vulnerability-disclosure-policy/index.html
2026-02-05 12:34:42,353 [WARNING]   Retry 2/3 for https://www.hhs.gov/vulnerability-disclosure-policy/index.html (waiting 4s): 403 Client Error: Forbidden for url: https://www.hhs.gov/vulnerability-disclosure-policy/index.html
2026-02-05 12:34:46,700 [ERROR]   Failed after 3 attempts: https://www.hhs.gov/vulnerability-disclosure-policy/index.html — 403 Client Error: Forbidden for url: https://www.hhs.gov/vulnerability-disclosure-policy/index.html
2026-02-05 12:34:46,702 [INFO] ============================================================
2026-02-05 12:34:46,702 [INFO] HARVEST COMPLETE
2026-02-05 12:34:46,702 [INFO]   Duration: 1.1 minutes
2026-02-05 12:34:46,702 [INFO]   Rows processed: 6
2026-02-05 12:34:46,702 [INFO]   Success: 6
2026-02-05 12:34:46,702 [INFO]   Failed: 0
2026-02-05 12:34:46,702 [INFO]   No URLs: 0
2026-02-05 12:34:46,702 [INFO]   No documents found: 0
2026-02-05 12:34:46,702 [INFO]   Skipped (resume): 0
2026-02-05 12:34:46,703 [INFO]   Total files downloaded: 6
2026-02-05 12:34:46,703 [INFO] ============================================================
2026-02-05 12:34:46,704 [INFO] Report saved: C:\Users\JanyjorRuei\Documents\acf-guidance-harvester\reports\harvest_report_20260205_123446.json
2026-02-05 12:34:46,705 [INFO] CSV summary saved: C:\Users\JanyjorRuei\Documents\acf-guidance-harvester\reports\harvest_summary_20260205_123446.csv
